{
  "RSpec": {
    "coverage": {
      "/Users/jakeatkin/projects/group_projects/makersBNB/makers_bnb/app.rb": [
        1,
        1,
        1,
        1,
        1,
        1,
        1,
        null,
        1,
        1,
        1,
        null,
        1,
        6,
        null,
        null,
        1,
        0,
        0,
        null,
        null,
        1,
        0,
        0,
        null,
        null,
        1,
        0,
        0,
        0,
        0,
        null,
        null,
        1,
        0,
        null,
        null,
        1,
        0,
        null,
        null,
        1,
        0,
        null,
        null,
        1,
        0,
        null,
        null,
        1,
        0,
        0,
        0,
        null,
        0,
        null,
        0,
        null,
        null,
        1,
        null
      ],
      "/Users/jakeatkin/projects/group_projects/makersBNB/makers_bnb/lib/database_setup.rb": [
        1,
        null,
        1,
        1,
        null,
        0,
        null
      ],
      "/Users/jakeatkin/projects/group_projects/makersBNB/makers_bnb/lib/database_connection.rb": [
        1,
        null,
        1,
        null,
        1,
        4,
        null,
        null,
        1,
        1,
        null,
        null,
        1,
        39,
        null,
        null,
        null
      ],
      "/Users/jakeatkin/projects/group_projects/makersBNB/makers_bnb/lib/properties.rb": [
        1,
        null,
        1,
        null,
        1,
        7,
        7,
        7,
        7,
        7,
        7,
        7,
        null,
        null,
        1,
        6,
        6,
        null,
        null,
        1,
        2,
        1,
        null,
        null,
        null
      ],
      "/Users/jakeatkin/projects/group_projects/makersBNB/makers_bnb/lib/property_owner.rb": [
        1,
        null,
        1,
        1,
        null,
        1,
        15,
        15,
        15,
        15,
        15,
        null,
        null,
        1,
        8,
        7,
        null,
        null,
        null,
        1,
        8,
        null,
        null,
        8,
        8,
        8,
        null,
        null,
        null,
        1,
        0,
        0,
        0,
        0,
        null,
        null
      ],
      "/Users/jakeatkin/projects/group_projects/makersBNB/makers_bnb/lib/user.rb": [
        1,
        null,
        1,
        1,
        null,
        1,
        3,
        3,
        3,
        3,
        3,
        null,
        null,
        1,
        2,
        1,
        null,
        null,
        null,
        1,
        2,
        null,
        null,
        2,
        2,
        2,
        null,
        null,
        null,
        1,
        0,
        0,
        0,
        0,
        null,
        null
      ],
      "/Users/jakeatkin/projects/group_projects/makersBNB/makers_bnb/spec/database_connection_spec.rb": [
        1,
        null,
        1,
        1,
        1,
        1,
        null,
        null,
        1,
        1,
        1,
        null,
        null,
        null,
        1,
        1,
        1,
        1,
        1,
        null,
        null
      ],
      "/Users/jakeatkin/projects/group_projects/makersBNB/makers_bnb/spec/feature/homepage_spec.rb": [
        1,
        1,
        1,
        1,
        null,
        null,
        null,
        1,
        1,
        1,
        1,
        null,
        null,
        null,
        1,
        1,
        1,
        1,
        null,
        null,
        null,
        1,
        1,
        1,
        1,
        null,
        null,
        null,
        null,
        1,
        1,
        1,
        1,
        null,
        null,
        null,
        null,
        null,
        null,
        null,
        null,
        null,
        null,
        null,
        null,
        null,
        1,
        1,
        1,
        1,
        null,
        null,
        null,
        null,
        null,
        null,
        null,
        null,
        null,
        null,
        null,
        null,
        null,
        null,
        null,
        null,
        null,
        null,
        null,
        null,
        null,
        null,
        null
      ],
      "/Users/jakeatkin/projects/group_projects/makersBNB/makers_bnb/spec/feature/property_details_spec.rb": [
        null,
        null,
        null,
        null,
        null,
        null,
        null,
        null,
        null,
        null,
        null,
        null,
        null,
        null,
        null,
        null,
        null,
        null,
        null,
        null
      ],
      "/Users/jakeatkin/projects/group_projects/makersBNB/makers_bnb/spec/feature/property_listing_spec.rb": [
        null,
        null,
        null,
        null,
        null,
        null,
        null,
        null,
        null,
        null,
        null,
        null,
        null,
        null,
        null,
        null,
        null,
        null,
        null,
        null,
        null,
        null,
        null,
        null,
        null,
        null
      ],
      "/Users/jakeatkin/projects/group_projects/makersBNB/makers_bnb/spec/properties_spec.rb": [
        1,
        null,
        1,
        7,
        null,
        1,
        1,
        1,
        null,
        null,
        1,
        1,
        1,
        null,
        null,
        1,
        1,
        1,
        null,
        null,
        1,
        1,
        1,
        null,
        null,
        1,
        1,
        1,
        null,
        null,
        1,
        4,
        null,
        null
      ],
      "/Users/jakeatkin/projects/group_projects/makersBNB/makers_bnb/spec/property_owner_spec.rb": [
        1,
        null,
        1,
        1,
        1,
        1,
        null,
        null,
        1,
        4,
        null,
        null
      ],
      "/Users/jakeatkin/projects/group_projects/makersBNB/makers_bnb/spec/user_spec.rb": [
        1,
        null,
        1,
        1,
        1,
        1,
        null,
        null,
        null,
        1,
        4,
        null,
        null
      ]
    },
    "timestamp": 1550054067
  }
}
