{
  "RSpec": {
    "coverage": {
      "/Users/elliotjennings/Desktop/makers/week-6/group-project/makers_bnb/app.rb": [
        1,
        1,
        1,
        1,
        null,
        1,
        1,
        null,
        1,
        null
      ],
      "/Users/elliotjennings/Desktop/makers/week-6/group-project/makers_bnb/lib/database_setup.rb": [
        1,
        null,
        1,
        1,
        null,
        0,
        null
      ],
      "/Users/elliotjennings/Desktop/makers/week-6/group-project/makers_bnb/lib/database_connection.rb": [
        1,
        null,
        1,
        null,
        1,
        4,
        null,
        null,
        1,
        1,
        null,
        null,
        1,
        1,
        null,
        null,
        null
      ],
      "/Users/elliotjennings/Desktop/makers/week-6/group-project/makers_bnb/spec/database_connection_spec.rb": [
        1,
        null,
        1,
        1,
        1,
        1,
        null,
        null,
        1,
        1,
        1,
        null,
        null,
        null,
        1,
        1,
        1,
        1,
        1,
        null,
        null
      ]
    },
    "timestamp": 1549898484
  }
}
